<?xml version="1.0" encoding="UTF-8"?>
<!-- Generated by org.testng.reporters.JUnitXMLReporter -->
<testsuite ignored="1" hostname="Nancy" failures="0" tests="1" name="Default test" time="11.957" errors="0" timestamp="2024-01-27T23:01:55 CST">
  <testcase classname="test.LoginTest" name="validUserShouldBeAbleToLogin" time="9.088"/>
  <testcase classname="test.LoginTest" name="validateLoginAlertMsg" time="0.0">
    <ignored/>
  </testcase> <!-- validateLoginAlertMsg -->
</testsuite> <!-- Default test -->
