<?xml version="1.0" encoding="UTF-8"?>
<!-- Generated by org.testng.reporters.JUnitXMLReporter -->
<testsuite ignored="0" hostname="Nancy" failures="0" tests="3" name="Command line test" time="129.839" errors="0" timestamp="2024-01-27T18:03:41 CST">
  <testcase classname="test.AddCustomerTest" name="userShouldBeAbleToAddCustomer" time="116.068"/>
  <testcase classname="test.LoginTest" name="validUserShouldBeAbleToLogin" time="11.058"/>
  <testcase classname="test.LoginTest" name="validateLoginAlertMsg" time="2.679"/>
</testsuite> <!-- Command line test -->
