<?xml version="1.0" encoding="UTF-8"?>
<!-- Generated by org.testng.reporters.JUnitXMLReporter -->
<testsuite ignored="0" hostname="Nancy" failures="1" tests="4" name="Command line test" time="158.387" errors="0" timestamp="2024-02-08T12:01:24 CST">
  <testcase classname="test.AddCustomerTest" name="userShouldBeAbleToAddCustomer" time="128.185"/>
  <testcase classname="test.LoginTest" name="validUserShouldBeAbleToLogin" time="8.783">
    <skipped/>
  </testcase> <!-- validUserShouldBeAbleToLogin -->
  <testcase classname="test.LoginTest" name="validUserShouldBeAbleToLogin" time="9.454">
    <failure type="java.lang.AssertionError" message="Dashboard Page is not available! expected [valid] but found [Dashboard]">
      <![CDATA[java.lang.AssertionError: Dashboard Page is not available! expected [valid] but found [Dashboard]
at page.BasePage.validateElement(BasePage.java:29)
at page.DashboardPage.validateDashboardPage(DashboardPage.java:23)
at test.LoginTest.validUserShouldBeAbleToLogin(LoginTest.java:42)
at java.base/java.util.ArrayList.forEach(ArrayList.java:1511)
... Removed 42 stack frames]]>
    </failure>
  </testcase> <!-- validUserShouldBeAbleToLogin -->
  <testcase classname="test.LoginTest" name="validateLoginAlertMsg" time="0.168"/>
</testsuite> <!-- Command line test -->
