<?xml version="1.0" encoding="UTF-8"?>
<testng-results ignored="0" total="3" passed="3" failed="0" skipped="0">
  <reporter-output>
  </reporter-output>
  <suite started-at="2024-01-27T18:01:32 CST" name="Command line suite" finished-at="2024-01-27T18:03:41 CST" duration-ms="129839">
    <groups>
    </groups>
    <test started-at="2024-01-27T18:01:32 CST" name="Command line test" finished-at="2024-01-27T18:03:41 CST" duration-ms="129839">
      <class name="test.AddCustomerTest">
        <test-method signature="userShouldBeAbleToAddCustomer()[pri:0, instance:test.AddCustomerTest@6f19ac19]" started-at="2024-01-27T18:01:32 CST" name="userShouldBeAbleToAddCustomer" finished-at="2024-01-27T18:03:28 CST" duration-ms="116068" status="PASS">
          <reporter-output>
          </reporter-output>
        </test-method> <!-- userShouldBeAbleToAddCustomer -->
      </class> <!-- test.AddCustomerTest -->
      <class name="test.LoginTest">
        <test-method signature="validUserShouldBeAbleToLogin()[pri:0, instance:test.LoginTest@45a37759]" started-at="2024-01-27T18:03:28 CST" name="validUserShouldBeAbleToLogin" finished-at="2024-01-27T18:03:39 CST" duration-ms="11058" status="PASS">
          <reporter-output>
          </reporter-output>
        </test-method> <!-- validUserShouldBeAbleToLogin -->
        <test-method signature="validateLoginAlertMsg()[pri:0, instance:test.LoginTest@45a37759]" started-at="2024-01-27T18:03:39 CST" name="validateLoginAlertMsg" finished-at="2024-01-27T18:03:41 CST" duration-ms="2679" status="PASS">
          <reporter-output>
          </reporter-output>
        </test-method> <!-- validateLoginAlertMsg -->
      </class> <!-- test.LoginTest -->
    </test> <!-- Command line test -->
  </suite> <!-- Command line suite -->
</testng-results>
